c:\users\cppco\onedrive\documents\github\be-injector\injector-client\x64\debug\vc143.pdb
c:\users\cppco\onedrive\documents\github\be-injector\injector-client\x64\debug\vc143.idb
c:\users\cppco\onedrive\documents\github\be-injector\injector-client\x64\debug\utils.obj
c:\users\cppco\onedrive\documents\github\be-injector\injector-client\x64\debug\manual_map.obj
c:\users\cppco\onedrive\documents\github\be-injector\injector-client\x64\debug\communicate.obj
c:\users\cppco\onedrive\documents\github\be-injector\injector-client\x64\debug\main.obj
c:\users\cppco\onedrive\documents\github\be-injector\x64\debug\injector-client.lib
c:\users\cppco\onedrive\documents\github\be-injector\x64\debug\injector-client.exp
c:\users\cppco\onedrive\documents\github\be-injector\x64\debug\injector-client.exe
c:\users\cppco\onedrive\documents\github\be-injector\injector-client\x64\debug\injector-client.ilk
c:\users\cppco\onedrive\documents\github\be-injector\x64\debug\injector-client.pdb
c:\users\cppco\onedrive\documents\github\be-injector\injector-client\x64\debug\vc142.idb
c:\users\cppco\onedrive\documents\github\be-injector\injector-client\x64\debug\vc142.pdb
c:\users\cppco\onedrive\documents\github\be-injector\injector-client\x64\debug\injector-client.tlog\cl.command.1.tlog
c:\users\cppco\onedrive\documents\github\be-injector\injector-client\x64\debug\injector-client.tlog\cl.read.1.tlog
c:\users\cppco\onedrive\documents\github\be-injector\injector-client\x64\debug\injector-client.tlog\cl.write.1.tlog
c:\users\cppco\onedrive\documents\github\be-injector\injector-client\x64\debug\injector-client.tlog\injector-client.write.1u.tlog
c:\users\cppco\onedrive\documents\github\be-injector\injector-client\x64\debug\injector-client.tlog\link.command.1.tlog
c:\users\cppco\onedrive\documents\github\be-injector\injector-client\x64\debug\injector-client.tlog\link.read.1.tlog
c:\users\cppco\onedrive\documents\github\be-injector\injector-client\x64\debug\injector-client.tlog\link.write.1.tlog
