c:\users\lolxd\source\repos\kernel-injector\injector-driver\x64\release\vc142.pdb
c:\users\lolxd\source\repos\kernel-injector\injector-driver\x64\release\util.obj
c:\users\lolxd\source\repos\kernel-injector\injector-driver\x64\release\mapper_traces.obj
c:\users\lolxd\source\repos\kernel-injector\injector-driver\x64\release\main.obj
c:\users\lolxd\source\repos\kernel-injector\injector-driver\x64\release\disk_hook.obj
c:\users\lolxd\source\repos\kernel-injector\injector-driver\x64\release\communicate.obj
c:\users\lolxd\source\repos\kernel-injector\x64\release\injector-driver\injector-driver.cat
c:\users\lolxd\source\repos\kernel-injector\x64\release\injector-driver.sys
c:\users\lolxd\source\repos\kernel-injector\x64\release\injector-driver.map
c:\users\lolxd\source\repos\kernel-injector\x64\release\injector-driver.pdb
c:\users\lolxd\source\repos\kernel-injector\injector-driver\x64\release\injector-driver.inf
c:\users\lolxd\source\repos\kernel-injector\x64\release\injector-driver.cer
c:\users\lolxd\source\repos\kernel-injector\x64\release\injector-driver.inf
c:\users\lolxd\source\repos\kernel-injector\injector-driver\x64\release\injector-driver.tlog\cl.command.1.tlog
c:\users\lolxd\source\repos\kernel-injector\injector-driver\x64\release\injector-driver.tlog\cl.read.1.tlog
c:\users\lolxd\source\repos\kernel-injector\injector-driver\x64\release\injector-driver.tlog\cl.write.1.tlog
c:\users\lolxd\source\repos\kernel-injector\injector-driver\x64\release\injector-driver.tlog\inf2cat-expand.11620.read.1.tlog
c:\users\lolxd\source\repos\kernel-injector\injector-driver\x64\release\injector-driver.tlog\inf2cat-expand.11620.write.1.tlog
c:\users\lolxd\source\repos\kernel-injector\injector-driver\x64\release\injector-driver.tlog\inf2cat-expand.read.1.tlog
c:\users\lolxd\source\repos\kernel-injector\injector-driver\x64\release\injector-driver.tlog\inf2cat-expand.write.1.tlog
c:\users\lolxd\source\repos\kernel-injector\injector-driver\x64\release\injector-driver.tlog\inf2cat.command.1.tlog
c:\users\lolxd\source\repos\kernel-injector\injector-driver\x64\release\injector-driver.tlog\inf2cat.read.1.tlog
c:\users\lolxd\source\repos\kernel-injector\injector-driver\x64\release\injector-driver.tlog\inf2cat.read.8.tlog
c:\users\lolxd\source\repos\kernel-injector\injector-driver\x64\release\injector-driver.tlog\inf2cat.write.1.tlog
c:\users\lolxd\source\repos\kernel-injector\injector-driver\x64\release\injector-driver.tlog\inf2cat.write.8.tlog
c:\users\lolxd\source\repos\kernel-injector\injector-driver\x64\release\injector-driver.tlog\link.command.1.tlog
c:\users\lolxd\source\repos\kernel-injector\injector-driver\x64\release\injector-driver.tlog\link.read.1.tlog
c:\users\lolxd\source\repos\kernel-injector\injector-driver\x64\release\injector-driver.tlog\link.write.1.tlog
c:\users\lolxd\source\repos\kernel-injector\injector-driver\x64\release\injector-driver.tlog\signtool.command.1.tlog
c:\users\lolxd\source\repos\kernel-injector\injector-driver\x64\release\injector-driver.tlog\signtool.read.1.tlog
c:\users\lolxd\source\repos\kernel-injector\injector-driver\x64\release\injector-driver.tlog\signtool.timestamp.1.tlog
c:\users\lolxd\source\repos\kernel-injector\injector-driver\x64\release\injector-driver.tlog\signtool.write.1.tlog
c:\users\lolxd\source\repos\kernel-injector\injector-driver\x64\release\injector-driver.tlog\stampinf.command.1.tlog
c:\users\lolxd\source\repos\kernel-injector\injector-driver\x64\release\injector-driver.tlog\stampinf.read.1.tlog
c:\users\lolxd\source\repos\kernel-injector\injector-driver\x64\release\injector-driver.tlog\stampinf.write.1.tlog
