c:\users\cppco\source\repos\be-injector\injector-driver\x64\debug\vc143.pdb
c:\users\cppco\source\repos\be-injector\injector-driver\x64\debug\util.obj
c:\users\cppco\source\repos\be-injector\injector-driver\x64\debug\mapper_traces.obj
c:\users\cppco\source\repos\be-injector\injector-driver\x64\debug\main.obj
c:\users\cppco\source\repos\be-injector\injector-driver\x64\debug\hwid_spoof.obj
c:\users\cppco\source\repos\be-injector\injector-driver\x64\debug\disassembly.obj
c:\users\cppco\source\repos\be-injector\injector-driver\x64\debug\ioctlhook.obj
c:\users\lolxd\source\repos\be-injector\x64\debug\injector-driver\injector-driver.cat
c:\users\lolxd\source\repos\be-injector\x64\debug\injector-driver.sys
c:\users\lolxd\source\repos\be-injector\injector-driver\x64\debug\injector-driver.inf
c:\users\cppco\source\repos\be-injector\injector-driver\x64\debug\communicate.obj
c:\users\cppco\source\repos\be-injector\injector-driver\x64\debug\vc142.pdb
c:\users\cppco\source\repos\be-injector\injector-driver\x64\debug\injector-driver.tlog\cl.command.1.tlog
c:\users\cppco\source\repos\be-injector\injector-driver\x64\debug\injector-driver.tlog\cl.read.1.tlog
c:\users\cppco\source\repos\be-injector\injector-driver\x64\debug\injector-driver.tlog\cl.write.1.tlog
c:\users\cppco\source\repos\be-injector\injector-driver\x64\debug\injector-driver.tlog\inf2cat-expand.14684.read.1.tlog
c:\users\cppco\source\repos\be-injector\injector-driver\x64\debug\injector-driver.tlog\inf2cat-expand.14684.write.1.tlog
c:\users\cppco\source\repos\be-injector\injector-driver\x64\debug\injector-driver.tlog\inf2cat-expand.read.1.tlog
c:\users\cppco\source\repos\be-injector\injector-driver\x64\debug\injector-driver.tlog\inf2cat-expand.write.1.tlog
c:\users\cppco\source\repos\be-injector\injector-driver\x64\debug\injector-driver.tlog\inf2cat.command.1.tlog
c:\users\cppco\source\repos\be-injector\injector-driver\x64\debug\injector-driver.tlog\inf2cat.read.1.tlog
c:\users\cppco\source\repos\be-injector\injector-driver\x64\debug\injector-driver.tlog\inf2cat.write.1.tlog
c:\users\cppco\source\repos\be-injector\injector-driver\x64\debug\injector-driver.tlog\link.command.1.tlog
c:\users\cppco\source\repos\be-injector\injector-driver\x64\debug\injector-driver.tlog\link.read.1.tlog
c:\users\cppco\source\repos\be-injector\injector-driver\x64\debug\injector-driver.tlog\link.write.1.tlog
c:\users\cppco\source\repos\be-injector\injector-driver\x64\debug\injector-driver.tlog\signtool.command.1.tlog
c:\users\cppco\source\repos\be-injector\injector-driver\x64\debug\injector-driver.tlog\signtool.read.1.tlog
c:\users\cppco\source\repos\be-injector\injector-driver\x64\debug\injector-driver.tlog\signtool.timestamp.1.tlog
c:\users\cppco\source\repos\be-injector\injector-driver\x64\debug\injector-driver.tlog\signtool.write.1.tlog
c:\users\cppco\source\repos\be-injector\injector-driver\x64\debug\injector-driver.tlog\stampinf.command.1.tlog
c:\users\cppco\source\repos\be-injector\injector-driver\x64\debug\injector-driver.tlog\stampinf.read.1.tlog
c:\users\cppco\source\repos\be-injector\injector-driver\x64\debug\injector-driver.tlog\stampinf.write.1.tlog
